<?xml version="1.0" encoding="UTF-8"?>
<testsuite name="com.hamcrest.HamcrestTest" tests="4" skipped="0" failures="0" errors="0" timestamp="2019-12-27T05:14:11" hostname="FH400" time="0.219">
  <properties/>
  <testcase name="arrayMatchersTest" classname="com.hamcrest.HamcrestTest" time="0.014"/>
  <testcase name="objectMatchersTest" classname="com.hamcrest.HamcrestTest" time="0.17"/>
  <testcase name="listMatchersTest" classname="com.hamcrest.HamcrestTest" time="0.01"/>
  <testcase name="coreMatchersTest" classname="com.hamcrest.HamcrestTest" time="0.008"/>
  <system-out><![CDATA[]]></system-out>
  <system-err><![CDATA[]]></system-err>
</testsuite>
